[2025-07-24 11:45:35] INFO: Server is running on port: 3000
[2025-07-24 11:47:56] INFO: Server is running on port: 3000
[2025-07-24 16:06:26] DEBUG: Access token not found, fetching new token.. 
[2025-07-24 16:06:27] DEBUG: Access Token found: 1000.3e221df2cbf3ae0430ea8483d9eacf8d.28b5fc7dbb93cc044de50f9e3f5988d7
[2025-07-24 16:06:27] INFO: Access Toke Found
[2025-07-24 16:06:27] INFO: Contact Created: 976449000000430131
[2025-07-24 16:06:27] INFO: Contact created. Email will be sent shortly
[2025-07-24 16:06:32] DEBUG: Sending email to new contact after delay..
[2025-07-24 16:06:33] INFO: Email sent Successfully
[2025-07-24 16:30:39] DEBUG: Access Token found: 1000.3446a92562e29b7f032925ff053a07c7.e32f6232bbe09daedad3dbd59eed1279
[2025-07-24 16:30:39] INFO: Access Toke Found
[2025-07-24 16:30:39] DEBUG: Contact found: 976449000000430131
[2025-07-24 16:30:39] INFO: Contact found. Email will be sent shortly
[2025-07-24 16:30:43] INFO: Email sent Successfully
[2025-07-24 16:30:54] DEBUG: Access Token found: 1000.ef57d36ca88842f65673d90e18f5f5f0.36ebdf02e8426d1c784bb18f1d434a06
[2025-07-24 16:30:54] INFO: Access Toke Found
[2025-07-24 16:30:54] INFO: Contact Created: 976449000000429086
[2025-07-24 16:30:54] INFO: Contact created. Email will be sent shortly
[2025-07-24 16:30:59] DEBUG: Sending email to new contact after delay..
[2025-07-24 16:31:00] INFO: Email sent Successfully
[2025-07-24 16:33:32] DEBUG: Access Token found: 1000.a8aaf04fa4607e35e7832ab1bf9c0a51.4ea836d205c9b5b862fed2bcb6905384
[2025-07-24 16:33:32] INFO: Access Toke Found
[2025-07-24 16:33:32] ERROR: FullName and workEmail are required
[2025-07-24 16:38:36] INFO: Server is running on port: 3000
[2025-07-24 16:38:55] INFO: Server is running on port: 3000
[2025-07-24 16:39:19] DEBUG: Access token not found, fetching new token.. 
[2025-07-24 16:39:20] DEBUG: Access Token found: 1000.f7a09da1ea319e2c97c9b0991e38141f.5c4eaadb7e1214310437b2432712a9e4
[2025-07-24 16:39:20] INFO: Access Toke Found
[2025-07-24 16:39:20] INFO: Contact Created: 976449000000430149
[2025-07-24 16:39:20] INFO: Contact created. Email will be sent shortly
[2025-07-24 16:39:25] DEBUG: Sending email to new contact after delay..
[2025-07-24 16:39:26] INFO: Email sent Successfully
[2025-07-24 16:52:44] INFO: Server is running on port: 3000
[2025-07-24 16:52:50] DEBUG: Access token not found, fetching new token.. 
[2025-07-24 16:52:50] DEBUG: Access Token found: 1000.7dea45e19257fd78b76dc2463a996f51.79cd5ad85fc9d588f40dd45dba0722d7
[2025-07-24 16:52:50] INFO: Access Toke Found
[2025-07-24 16:52:51] INFO: Contact Created: 976449000000430161
[2025-07-24 16:52:51] INFO: Contact created. Email will be sent shortly
[2025-07-24 16:52:56] DEBUG: Sending email to new contact after delay..
[2025-07-24 16:52:56] INFO: Email sent Successfully
[2025-07-24 16:53:09] INFO: Server is running on port: 3000
[2025-07-24 16:54:16] DEBUG: Access token not found, fetching new token.. 
[2025-07-24 16:54:16] DEBUG: Access Token found: 1000.69f600e46a12a475c377d6f3f300584e.afc104a7f4ea3e302d275ef7b6331e3d
[2025-07-24 16:54:16] INFO: Access Toke Found
[2025-07-24 16:54:16] INFO: Contact Created: 976449000000430168
[2025-07-24 16:54:16] INFO: Contact created. Email will be sent shortly
[2025-07-24 16:54:21] DEBUG: Sending email to new contact after delay..
[2025-07-24 16:54:22] INFO: Email sent Successfully
[2025-07-24 16:56:55] DEBUG: Access Token found: 1000.4613ac697dfdda955dc9e7b2b0a75e1d.ee61a111c5754b1ee5f1e86f4c20b731
[2025-07-24 16:56:55] INFO: Access Toke Found
[2025-07-24 16:56:55] INFO: Contact Created: 976449000000430185
[2025-07-24 16:56:55] INFO: Contact created. Email will be sent shortly
[2025-07-24 16:57:00] DEBUG: Sending email to new contact after delay..
[2025-07-24 16:57:01] INFO: Email sent Successfully
[2025-07-24 16:57:43] DEBUG: Access Token found: 1000.d8f2823bb8ef7338d5029d0de6f4ba8d.66b79c9842629d967c459fd2237601cf
[2025-07-24 16:57:43] INFO: Access Toke Found
[2025-07-24 16:57:43] ERROR: Error processing contact or sending email: [object Object]
[2025-07-24 16:59:02] DEBUG: Access Token found: 1000.ddd3ec5a8a43bc1f283d30daeaee5e24.59bcfe4558f0c5b050f749d66bc77e56
[2025-07-24 16:59:02] INFO: Access Toke Found
[2025-07-24 16:59:03] INFO: Contact Created: 976449000000430202
[2025-07-24 16:59:03] INFO: Contact created. Email will be sent shortly
[2025-07-24 16:59:08] DEBUG: Sending email to new contact after delay..
[2025-07-24 16:59:08] INFO: Email sent Successfully
[2025-07-24 17:00:25] DEBUG: Access Token found: 1000.b79493917dae197e53fe02bf143219f6.844cbbd80ccbfa293e2e05d52d407af8
[2025-07-24 17:00:25] INFO: Access Toke Found
[2025-07-24 17:00:25] INFO: Contact Created: 976449000000429114
[2025-07-24 17:00:25] INFO: Contact created. Email will be sent shortly
[2025-07-24 17:00:30] DEBUG: Sending email to new contact after delay..
[2025-07-24 17:00:31] INFO: Email sent Successfully
[2025-07-24 17:02:34] INFO: Server is running on port: 3000
[2025-07-24 17:02:49] DEBUG: Access token not found, fetching new token.. 
[2025-07-24 17:02:49] DEBUG: Access Token found: 1000.244b13358b0e17504ff401dd4c555246.b15eaa981cccdef269b19e4fa4bcf93a
[2025-07-24 17:02:49] INFO: Access Toke Found
[2025-07-24 17:02:50] INFO: Contact Created: 976449000000429136
[2025-07-24 17:02:50] INFO: Contact created. Email will be sent shortly
[2025-07-24 17:02:55] DEBUG: Sending email to new contact after delay..
[2025-07-24 17:02:55] INFO: Email sent Successfully
[2025-07-24 17:03:28] DEBUG: Access Token found: 1000.562e35c5cb0788ee19ae893e77ad353f.739bd1d9aba80ccc572402ed5ff08b94
[2025-07-24 17:03:28] INFO: Access Toke Found
[2025-07-24 17:03:28] INFO: Contact Created: 976449000000430214
[2025-07-24 17:03:28] INFO: Contact created. Email will be sent shortly
[2025-07-24 17:03:33] DEBUG: Sending email to new contact after delay..
[2025-07-24 17:03:34] INFO: Email sent Successfully
[2025-07-24 17:13:45] INFO: Server is running on port: 3000
[2025-07-24 17:14:38] INFO: Server is running on port: 3000
[2025-07-24 17:15:27] INFO: Server is running on port: 3000
[2025-07-24 17:17:00] INFO: Server is running on port: 3000
[2025-07-24 17:17:15] INFO: Server is running on port: 3000
[2025-07-24 17:17:26] DEBUG: Access token not found, fetching new token.. 
[2025-07-24 17:17:26] DEBUG: Access Token found: 1000.98ae2d91bf377d683eec301374d648b4.65aa6398fd41931dcb1f8ec664940884
[2025-07-24 17:17:26] INFO: Access Toke Found
[2025-07-24 17:17:26] INFO: Contact Created: 976449000000430234
[2025-07-24 17:17:26] INFO: Contact created. Email will be sent shortly
[2025-07-24 17:17:31] DEBUG: Sending email to new contact after delay..
[2025-07-24 17:17:32] INFO: Email sent Successfully
[2025-07-24 17:18:11] DEBUG: Access Token found: 1000.01a5019df5f1d006c6f440126d286c1e.bc029c6dbbb8611144ea73d0dc7c452c
[2025-07-24 17:18:11] INFO: Access Toke Found
[2025-07-24 17:18:12] INFO: Contact Created: 976449000000430246
[2025-07-24 17:18:12] INFO: Contact created. Email will be sent shortly
[2025-07-24 17:18:17] DEBUG: Sending email to new contact after delay..
[2025-07-24 17:18:17] INFO: Email sent Successfully
[2025-07-24 17:49:52] INFO: Server is running on port: 3000
[2025-07-24 17:50:24] DEBUG: Access token not found, fetching new token.. 
[2025-07-24 17:50:24] DEBUG: Access Token found: 1000.200a7cee6f1d3b71adca29a0fb030eb6.f481849b09c946bb88922aff3dbe0cd9
[2025-07-24 17:50:24] INFO: Access Toke Found
[2025-07-24 17:50:25] INFO: Contact Created: 976449000000429153
[2025-07-24 17:50:25] INFO: Contact created. Email will be sent shortly
[2025-07-24 17:50:30] DEBUG: Sending email to new contact after delay..
[2025-07-24 17:50:30] INFO: Email sent Successfully
[2025-07-24 17:50:51] DEBUG: Access Token found: 1000.f4e72082db4a660f44c7cedb4b833b97.bd57626afc4522e9bd8a2d0d730db2e6
[2025-07-24 17:50:51] INFO: Access Toke Found
[2025-07-24 17:50:51] INFO: Contact Created: 976449000000430269
[2025-07-24 17:50:51] INFO: Contact created. Email will be sent shortly
[2025-07-24 17:50:56] DEBUG: Sending email to new contact after delay..
[2025-07-24 17:50:57] INFO: Email sent Successfully
[2025-07-24 18:07:09] INFO: Server is running on port: 3000
[2025-07-24 18:07:37] INFO: Server is running on port: 3000
[2025-07-24 18:08:23] INFO: Server is running on port: 3000
[2025-07-24 18:08:53] INFO: Server is running on port: 3000
[2025-07-24 18:09:16] INFO: Server is running on port: 3000
[2025-07-25 14:15:15] INFO: Server is running on port: 3000
[2025-07-25 14:18:53] DEBUG: Access token not found, fetching new token.. 
[2025-07-25 14:18:53] DEBUG: Access Token found: 1000.cc1514c21f863c80de74484f6c3ce17c.6930eb2d238aab4bdfba390c4e8f3b55
[2025-07-25 14:18:53] INFO: Access Toke Found
[2025-07-25 14:18:54] INFO: Contact Created: 976449000000430336
[2025-07-25 14:18:54] INFO: Contact created. Email will be sent shortly
[2025-07-25 14:18:54] DEBUG: Access Token found: 1000.bef0201d9078e8652ab46f927fa3a012.f74f7be691b8ef165a774d48e7522836
[2025-07-25 14:18:54] INFO: Access Toke Found
[2025-07-25 14:18:55] INFO: Contact Created: 976449000000430347
[2025-07-25 14:18:55] INFO: Contact created. Email will be sent shortly
[2025-07-25 14:18:55] DEBUG: Access Token found: 1000.4a60ff043fe9a528a65f5d61a03d552f.c6ef9f884ebbc4e5361dcd12a6fc7d8e
[2025-07-25 14:18:55] INFO: Access Toke Found
[2025-07-25 14:18:55] INFO: Contact Created: 976449000000430354
[2025-07-25 14:18:55] INFO: Contact created. Email will be sent shortly
[2025-07-25 14:18:55] DEBUG: Access Token found: 1000.1bcbb9d48352043adfa1e7c6276616d2.fcd30e1c43b106501808dcc069a0bab1
[2025-07-25 14:18:55] INFO: Access Toke Found
[2025-07-25 14:18:56] INFO: Contact Created: 976449000000430361
[2025-07-25 14:18:56] INFO: Contact created. Email will be sent shortly
[2025-07-25 14:18:56] DEBUG: Access Token found: 1000.e57aa65fe9513e6d814cf9499cd40be1.d99bc29b4415d3dfcd6b0f25ef9461ec
[2025-07-25 14:18:56] INFO: Access Toke Found
[2025-07-25 14:18:56] INFO: Contact Created: 976449000000430368
[2025-07-25 14:18:56] INFO: Contact created. Email will be sent shortly
[2025-07-25 14:18:56] DEBUG: Access Token found: 1000.9c8a31e078f2e75dca2a47cfa3c8594e.4652f8430eaa344e9d94e39a5fc5ec45
[2025-07-25 14:18:56] INFO: Access Toke Found
[2025-07-25 14:18:57] INFO: Contact Created: 976449000000430379
[2025-07-25 14:18:57] INFO: Contact created. Email will be sent shortly
[2025-07-25 14:18:57] DEBUG: Access Token found: 1000.4562e4407ab37ad1edce8f9726cc3435.d71edce15b79cc516af5114169fd2815
[2025-07-25 14:18:57] INFO: Access Toke Found
[2025-07-25 14:18:57] INFO: Contact Created: 976449000000430386
[2025-07-25 14:18:57] INFO: Contact created. Email will be sent shortly
[2025-07-25 14:18:57] DEBUG: Access Token found: 1000.ad2847cb478b80f8f4492fa5cbc7b992.0756a91596aa1491bfdef4c93f09a521
[2025-07-25 14:18:57] INFO: Access Toke Found
[2025-07-25 14:18:57] INFO: Contact Created: 976449000000430393
[2025-07-25 14:18:57] INFO: Contact created. Email will be sent shortly
[2025-07-25 14:18:57] DEBUG: Access Token found: 1000.1ebd55f488708f4d8ffacb8df38af6d3.39117ef9abb7d67eb7e5383c37e45e83
[2025-07-25 14:18:57] INFO: Access Toke Found
[2025-07-25 14:18:58] INFO: Contact Created: 976449000000430400
[2025-07-25 14:18:58] INFO: Contact created. Email will be sent shortly
[2025-07-25 14:18:58] DEBUG: Access Token found: 1000.3692cd85513efb982b375dcc4072f2f0.5e16ff09d5e2271355fe6b4c32a07932
[2025-07-25 14:18:58] INFO: Access Toke Found
[2025-07-25 14:18:59] DEBUG: Sending email to new contact after delay..
[2025-07-25 14:18:59] INFO: Email sent Successfully
[2025-07-25 14:19:00] DEBUG: Sending email to new contact after delay..
[2025-07-25 14:19:00] INFO: Email sent Successfully
[2025-07-25 14:19:00] DEBUG: Sending email to new contact after delay..
[2025-07-25 14:19:00] INFO: Email sent Successfully
[2025-07-25 14:19:01] DEBUG: Sending email to new contact after delay..
[2025-07-25 14:19:01] INFO: Email sent Successfully
[2025-07-25 14:19:01] DEBUG: Sending email to new contact after delay..
[2025-07-25 14:19:01] INFO: Email sent Successfully
[2025-07-25 14:19:02] DEBUG: Sending email to new contact after delay..
[2025-07-25 14:19:02] INFO: Email sent Successfully
[2025-07-25 14:19:02] DEBUG: Sending email to new contact after delay..
[2025-07-25 14:19:02] INFO: Email sent Successfully
[2025-07-25 14:19:02] DEBUG: Sending email to new contact after delay..
[2025-07-25 14:19:03] INFO: Email sent Successfully
[2025-07-25 14:19:03] DEBUG: Sending email to new contact after delay..
[2025-07-25 14:19:03] INFO: Email sent Successfully
[2025-07-28 16:52:47] INFO: Server is running on port: 3000
[2025-07-28 16:54:44] INFO: Server is running on port: 3000
[2025-07-28 17:01:12] INFO: Server is running on port: 3000
[2025-07-28 17:03:48] INFO: Server is running on port: 3000
[2025-07-28 17:04:06] INFO: Server is running on port: 8002
[2025-07-28 17:04:47] INFO: Server is running on port: 3000
[2025-07-28 17:06:12] INFO: Server is running on port: 5000
[2025-07-28 17:06:38] DEBUG: Access token not found, fetching new token.. 
[2025-07-28 17:06:39] DEBUG: Access Token found: 1000.56fc72604c9e745d9a971c3add0182c0.41f60b7f1511203e0047f589510aedea
[2025-07-28 17:06:39] INFO: Access Toke Found
[2025-07-28 17:06:39] INFO: Contact Created: 976449000000436089
[2025-07-28 17:06:39] INFO: Contact created.
[2025-07-28 17:07:21] INFO: Server is running on port: 5000
[2025-07-28 17:36:05] INFO: Server is running on port: 5000
[2025-07-28 17:36:09] DEBUG: Access token not found, fetching new token.. 
[2025-07-28 17:36:11] DEBUG: Access Token found: 1000.af8c7c112f2045030e1e572186b890d8.3775ec1f338a6e080c4319858cc5d26e
[2025-07-28 17:36:11] INFO: Access Toke Found
[2025-07-28 17:36:13] INFO: Contact Created: 976449000000435066
[2025-07-28 17:36:13] INFO: Contact created.
[2025-07-28 17:38:52] INFO: Server is running on port: 5000
[2025-07-28 17:39:24] INFO: Server is running on port: 5000
[2025-07-28 17:39:52] DEBUG: Access token not found, fetching new token.. 
[2025-07-28 17:39:53] DEBUG: Access Token found: 1000.07d8b226e61bda71ef984f71c238d25f.5c81d8def0855862dd227fa1c38de9e8
[2025-07-28 17:39:53] INFO: Access Toke Found
[2025-07-28 17:39:53] INFO: Contact Created: 976449000000436097
[2025-07-28 17:39:53] INFO: Contact created.
[2025-07-28 17:43:08] DEBUG: Access Token found: 1000.2f228b891bdd39e423a9ea0fc658b324.7bce46c2892817f0ff0b955a4c4e326c
[2025-07-28 17:43:08] INFO: Access Toke Found
[2025-07-28 17:43:09] INFO: Contact Created: 976449000000435077
[2025-07-28 17:43:09] INFO: Contact created.
[2025-07-28 17:43:51] INFO: Server is running on port: 5000
[2025-07-28 17:44:15] INFO: Server is running on port: 5000
[2025-07-28 17:44:35] INFO: Server is running on port: 5000
[2025-07-28 17:45:18] DEBUG: Access token not found, fetching new token.. 
[2025-07-28 17:45:19] DEBUG: Access Token found: 1000.cad38c6fa0635a22d62c8637dfdc1268.38bd7dd6b2e755f3345bbc14c8cd4a43
[2025-07-28 17:45:19] INFO: Access Toke Found
[2025-07-28 17:45:19] INFO: Contact Created: 976449000000435084
[2025-07-28 17:45:19] INFO: Contact created.
[2025-07-28 17:49:12] INFO: Server is running on port: 5000
[2025-07-28 17:49:31] DEBUG: Access token not found, fetching new token.. 
[2025-07-28 17:49:31] DEBUG: Access Token found: 1000.70fc21b2ef24f9932e80098acd1a59c5.437f42bfd7551d7b50d7ee53e947b528
[2025-07-28 17:49:31] INFO: Access Toke Found
[2025-07-28 17:49:32] INFO: Contact Created: 976449000000436104
[2025-07-28 17:49:32] INFO: Contact created.
[2025-07-28 17:50:41] INFO: Server is running on port: 5000
[2025-07-28 17:50:46] DEBUG: Access token not found, fetching new token.. 
[2025-07-28 17:50:46] DEBUG: Access Token found: 1000.fddb615f94d16d5b9c5fa8cbaafc20aa.a7b6faec0a9b42096382db6f9c776481
[2025-07-28 17:50:46] INFO: Access Toke Found
[2025-07-28 17:50:46] INFO: 
[2025-07-28 17:50:46] INFO: 
[2025-07-28 17:50:47] INFO: Contact Created: 976449000000435091
[2025-07-28 17:50:47] INFO: Contact created.
[2025-07-28 17:53:38] INFO: Server is running on port: 5000
[2025-07-28 17:54:03] INFO: Server is running on port: 5000
[2025-07-28 17:54:25] INFO: Server is running on port: 5000
[2025-07-28 17:54:45] INFO: Server is running on port: 5000
[2025-07-28 17:54:55] DEBUG: Access token not found, fetching new token.. 
[2025-07-28 17:54:55] DEBUG: Access Token found: 1000.85b3626d9c421757e4ef0bb004899d77.068dde681648e4b15e2a1f059dbdb4f7
[2025-07-28 17:54:55] INFO: Access Toke Found
[2025-07-28 17:54:55] INFO: 
[2025-07-28 17:54:55] INFO: 
[2025-07-28 17:54:56] INFO: Contact Created: 976449000000436111
[2025-07-28 17:54:56] INFO: Contact created.
[2025-07-28 17:56:24] DEBUG: Access Token found: 1000.9ac6cc7538fa4c6cca11de1fb793d357.fd732fe896595a6c877abf8d93d729f3
[2025-07-28 17:56:24] INFO: Access Toke Found
[2025-07-28 17:56:24] INFO: 
[2025-07-28 17:56:24] INFO: 
[2025-07-28 17:56:25] INFO: Contact Created: 976449000000436118
[2025-07-28 17:56:25] INFO: Contact created.
[2025-07-28 18:01:12] INFO: Server is running on port: 5000
[2025-07-28 18:01:30] DEBUG: Access token not found, fetching new token.. 
[2025-07-28 18:01:31] DEBUG: Access Token found: 1000.86ac539933cd3f6a06dc68a5937d9cc7.04a75fb3057c5fa15f685defca080c82
[2025-07-28 18:01:31] INFO: Access Toke Found
[2025-07-28 18:01:31] INFO: Received UTM fields:
[2025-07-28 18:01:31] INFO: Creating Zoho contact with payload:
[2025-07-28 18:01:31] INFO: Contact created successfully with ID: 976449000000435098
[2025-07-28 18:03:52] INFO: Server is running on port: 5000
[2025-07-28 18:04:03] DEBUG: Access token not found, fetching new token.. 
[2025-07-28 18:04:04] DEBUG: Access Token found: 1000.81def5e385b5127b31b76cac330160ca.c10f24caabaad4a7c5e990c55a8ad315
[2025-07-28 18:04:04] INFO: Access Toke Found
[2025-07-28 18:04:04] INFO: Received UTM fields:
[2025-07-28 18:04:04] INFO: Creating Zoho contact with payload:
[2025-07-28 18:04:05] INFO: Contact created successfully with ID: 976449000000436125
[2025-07-28 18:06:18] DEBUG: Access Token found: 1000.fedae782281111880c4fc7928b9334ce.ba7e0ccf268bdd75d7c0d77857d3d63d
[2025-07-28 18:06:18] INFO: Access Toke Found
[2025-07-28 18:06:18] INFO: Received UTM fields:
[2025-07-28 18:06:19] INFO: Contact found with ID: 976449000000436125
[2025-07-28 18:06:51] INFO: Server is running on port: 5000
[2025-07-28 18:06:56] DEBUG: Access token not found, fetching new token.. 
[2025-07-28 18:06:56] DEBUG: Access Token found: 1000.e38f216f16e1642f150f1d6a165ca816.83c8ab545072ffe477e7407003df14a3
[2025-07-28 18:06:56] INFO: Access Toke Found
[2025-07-28 18:06:56] INFO: Received UTM fields:
[2025-07-28 18:06:56] INFO: Contact found with ID: 976449000000436125
[2025-07-28 18:09:37] DEBUG: Access Token found: 1000.89cc7d129903257f2d79c5ed96ae185e.6d6e0a24b2df2dd836091b0e47ebc848
[2025-07-28 18:09:37] INFO: Access Toke Found
[2025-07-28 18:09:37] INFO: Received UTM fields:
[2025-07-28 18:09:37] INFO: Creating Zoho contact with payload:
[2025-07-28 18:09:37] INFO: Contact created successfully with ID: 976449000000435105
[2025-07-28 18:10:29] INFO: Server is running on port: 5000
[2025-07-28 18:10:42] INFO: Server is running on port: 5000
[2025-07-28 18:11:19] DEBUG: Access token not found, fetching new token.. 
[2025-07-28 18:11:19] DEBUG: Access Token found: 1000.2c4187b302ca0bbbef3571c260dead46.3f40b01062ccd21e34c40b3e3b8b52dd
[2025-07-28 18:11:19] INFO: Access Toke Found
[2025-07-28 18:11:19] DEBUG: Contact found: 976449000000435105
[2025-07-28 18:11:19] INFO: Contact found.
[2025-07-28 18:12:33] DEBUG: Access Token found: 1000.38f061fc0b9365e4e3866936b6f4b3c8.9f017ebad9b96647e8336b39f7bbeedc
[2025-07-28 18:12:33] INFO: Access Toke Found
[2025-07-28 18:12:33] DEBUG: Contact found: 976449000000435105
[2025-07-28 18:12:33] INFO: Contact found.
[2025-07-28 18:14:28] INFO: Server is running on port: 5000
[2025-07-28 18:14:31] DEBUG: Access token not found, fetching new token.. 
[2025-07-28 18:14:31] DEBUG: Access Token found: 1000.f722bd66a314f03b0d33fcb9939e7bc9.e455f2412e019779cc7491e24e71d4fb
[2025-07-28 18:14:31] INFO: Access Toke Found
[2025-07-28 18:14:31] DEBUG: Contact found: 976449000000435105
[2025-07-28 18:14:31] INFO: Contact found.
[2025-07-28 18:14:53] DEBUG: Access Token found: 1000.2ce2bc18774139e777cafbadfa43d462.3140a67d41bdd559c81d8e0ece21a97b
[2025-07-28 18:14:53] INFO: Access Toke Found
[2025-07-28 18:14:53] INFO: utmParams: 
[2025-07-28 18:14:53] INFO: utm_medium root:
[2025-07-28 18:14:53] INFO: utm_matchtype root:
[2025-07-28 18:14:53] INFO: utmParams.utm_medium:
[2025-07-28 18:14:53] INFO: utmParams.utm_matchtype:
[2025-07-28 18:14:53] INFO: Contact Created: 976449000000436132
[2025-07-28 18:14:53] INFO: Contact created.
[2025-07-28 18:15:43] INFO: Server is running on port: 5000
[2025-07-28 18:15:54] INFO: Server is running on port: 5000
[2025-07-28 18:16:03] DEBUG: Access token not found, fetching new token.. 
[2025-07-28 18:16:03] DEBUG: Access Token found: 1000.159b78ad66c5fd7eb21d0090dfc50482.510d51f8e498449db76ec4524f25628d
[2025-07-28 18:16:03] INFO: Access Toke Found
[2025-07-28 18:16:04] INFO: utmParams: 
[2025-07-28 18:16:04] INFO: utm_medium root:
[2025-07-28 18:16:04] INFO: utm_matchtype root:
[2025-07-28 18:16:04] INFO: utmParams.utm_medium:
[2025-07-28 18:16:04] INFO: utmParams.utm_matchtype:
[2025-07-28 18:16:04] INFO: Contact Created: 976449000000435112
[2025-07-28 18:16:04] INFO: Contact created.
[2025-07-28 18:16:26] INFO: Server is running on port: 5000
[2025-07-28 18:17:02] DEBUG: Access token not found, fetching new token.. 
[2025-07-28 18:17:02] DEBUG: Access Token found: 1000.59008b275948c512910d8afa72b18aa9.27651f604a62e1983fbde7339d9b10dd
[2025-07-28 18:17:02] INFO: Access Toke Found
[2025-07-28 18:17:02] ERROR: Error processing contact [object Object]
[2025-07-28 18:17:15] DEBUG: Access Token found: 1000.9da1a1c8931e6f08b5c122f18903839d.dfcd6864d214db118dc50eee9827afbf
[2025-07-28 18:17:15] INFO: Access Toke Found
[2025-07-28 18:17:19] DEBUG: Access Token found: 1000.9da1a1c8931e6f08b5c122f18903839d.dfcd6864d214db118dc50eee9827afbf
[2025-07-28 18:17:19] INFO: Access Toke Found
[2025-07-28 18:17:21] DEBUG: Access Token found: 1000.9da1a1c8931e6f08b5c122f18903839d.dfcd6864d214db118dc50eee9827afbf
[2025-07-28 18:17:21] INFO: Access Toke Found
[2025-07-28 18:17:51] INFO: Server is running on port: 5000
[2025-07-28 18:17:54] DEBUG: Access token not found, fetching new token.. 
[2025-07-28 18:17:55] ERROR: Error fetching access token: AxiosError: Request failed with status code 400 
[2025-07-28 18:17:55] ERROR: Error in zoho Auth Middleware: AxiosError: Request failed with status code 400
[2025-07-28 18:18:16] INFO: Server is running on port: 5000
[2025-07-28 18:18:21] DEBUG: Access token not found, fetching new token.. 
[2025-07-28 18:18:21] ERROR: Error fetching access token: AxiosError: Request failed with status code 400 
[2025-07-28 18:18:21] ERROR: Error in zoho Auth Middleware: AxiosError: Request failed with status code 400
[2025-07-28 18:19:48] INFO: Server is running on port: 5000
[2025-07-28 18:19:56] DEBUG: Access token not found, fetching new token.. 
[2025-07-28 18:19:57] DEBUG: Access Token found: 1000.229d81c06ce3f1c58f3b1ead8b57fc23.13a3fde4a139a1945d740b82b4dbf061
[2025-07-28 18:19:57] INFO: Access Toke Found
[2025-07-28 18:19:58] INFO: Contact Created: 976449000000436140
[2025-07-28 18:19:58] INFO: Contact created.
[2025-07-28 18:23:43] INFO: Server is running on port: 5000
[2025-07-28 18:23:46] DEBUG: Access token not found, fetching new token.. 
[2025-07-28 18:23:46] DEBUG: Access Token found: 1000.3144a6ed3b9af6c157f80df13d1dffaf.9cff726a3d3584d556f72a36425eb554
[2025-07-28 18:23:46] INFO: Access Toke Found
[2025-07-28 18:23:47] INFO: Creating new contact with payload:
[2025-07-28 18:23:47] INFO: Contact Created: 976449000000436147
[2025-07-28 18:23:47] INFO: Contact created.
[2025-07-28 18:24:31] INFO: Server is running on port: 5000
[2025-07-28 18:24:56] DEBUG: Access token not found, fetching new token.. 
[2025-07-28 18:24:56] DEBUG: Access Token found: 1000.f0a17ffecbd0d72919b86dd40fbaaf6c.2c6a94fa5093a20dab041a56cb08a1a2
[2025-07-28 18:24:56] INFO: Access Toke Found
[2025-07-28 18:24:57] INFO: Creating new contact with payload:
[2025-07-28 18:24:57] INFO: Contact Created: 976449000000436154
[2025-07-28 18:24:57] INFO: Contact created.
[2025-07-28 18:25:45] INFO: Server is running on port: 5000
[2025-07-28 18:26:06] DEBUG: Access token not found, fetching new token.. 
[2025-07-28 18:26:06] DEBUG: Access Token found: 1000.0aab063a03b1a16c9922754e0716798c.54052d73b900b4a5bfb15876f0b63c1e
[2025-07-28 18:26:06] INFO: Access Toke Found
[2025-07-28 18:26:07] INFO: Contact Created: 976449000000435119
[2025-07-28 18:26:07] INFO: Contact created.
[2025-07-28 18:29:32] INFO: Server is running on port: 5000
[2025-07-28 18:29:43] DEBUG: Access token not found, fetching new token.. 
[2025-07-28 18:29:44] DEBUG: Access Token found: 1000.c503d8b6fe5488e049291ea3178d6bc9.80f7aa963ddc5ce199295699401e3773
[2025-07-28 18:29:44] INFO: Access Toke Found
[2025-07-28 18:29:44] ERROR: Error processing contact UTM_Matchtype is not defined
[2025-07-28 18:31:41] DEBUG: Access Token found: 1000.0a0471ba49b4829964dfc0f72b52727a.1ac6cc814e60cd228b62536fbd075647
[2025-07-28 18:31:41] INFO: Access Toke Found
[2025-07-28 18:31:41] ERROR: Error processing contact UTM_Matchtype is not defined
[2025-07-28 18:32:24] DEBUG: Access Token found: 1000.97e84b505aace2de5e3d7a2452411526.7d7ce72d9afeda1e6c16b015d31afd17
[2025-07-28 18:32:24] INFO: Access Toke Found
[2025-07-28 18:32:24] ERROR: Error processing contact UTM_Matchtype is not defined
[2025-07-28 18:33:01] INFO: Server is running on port: 5000
[2025-07-28 18:33:10] DEBUG: Access token not found, fetching new token.. 
[2025-07-28 18:33:11] DEBUG: Access Token found: 1000.f238d9441c220625502f784718d5f844.d03df71f52596ce4fce18be1dd045f9f
[2025-07-28 18:33:11] INFO: Access Toke Found
[2025-07-28 18:33:11] INFO: Contact Created: 976449000000435126
[2025-07-28 18:33:11] INFO: Contact created.
[2025-07-28 18:33:44] INFO: Server is running on port: 5000
[2025-07-28 18:33:53] DEBUG: Access token not found, fetching new token.. 
[2025-07-28 18:33:53] DEBUG: Access Token found: 1000.50dbb600ce5464814cd49b1c32c867c4.62fc6bb6a90d2330990ea7e39d2d5fe8
[2025-07-28 18:33:53] INFO: Access Toke Found
[2025-07-28 18:33:53] INFO: Contact Created: 976449000000435133
[2025-07-28 18:33:53] INFO: Contact created.
[2025-07-28 18:35:55] INFO: Server is running on port: 5000
[2025-07-28 18:40:29] DEBUG: Access token not found, fetching new token.. 
[2025-07-28 18:40:29] DEBUG: Access Token found: 1000.c75ead0e0ee66c8266a44a229509790a.a81c7adef2ed351916f065a08e7ee9b6
[2025-07-28 18:40:29] INFO: Access Toke Found
[2025-07-28 18:40:30] INFO: Contact Created: 976449000000436162
[2025-07-28 18:40:30] INFO: Contact created.
[2025-07-28 18:40:56] INFO: Server is running on port: 5000
[2025-07-28 18:41:27] DEBUG: Access token not found, fetching new token.. 
[2025-07-28 18:41:27] DEBUG: Access Token found: 1000.9a4a167bc0d44a3ea4efaac3295e53c8.6c0e39b4905b1e5aee16180711c29069
[2025-07-28 18:41:27] INFO: Access Toke Found
[2025-07-28 18:41:28] INFO: Contact Created: 976449000000436169
[2025-07-28 18:41:28] INFO: Contact created.
